#
# There is insufficient memory for the Java Runtime Environment to continue.
# Native memory allocation (malloc) failed to allocate 1048576 bytes for AllocateHeap
# Possible reasons:
#   The system is out of physical RAM or swap space
#   In 32 bit mode, the process size limit was hit
# Possible solutions:
#   Reduce memory load on the system
#   Increase physical memory or swap space
#   Check if swap backing store is full
#   Use 64 bit Java on a 64 bit OS
#   Decrease Java heap size (-Xmx/-Xms)
#   Decrease number of Java threads
#   Decrease Java thread stack sizes (-Xss)
#   Set larger code cache with -XX:ReservedCodeCacheSize=
# This output file may be truncated or incomplete.
#
#  Out of Memory Error (memory/allocation.inline.hpp:61), pid=19748, tid=0x0000000000001cf4
#
# JRE version:  (8.0) (build )
# Java VM: OpenJDK 64-Bit Server VM (25.71-b00 mixed mode windows-amd64 compressed oops)
# Failed to write core dump. Minidumps are not enabled by default on client versions of Windows
#

---------------  T H R E A D  ---------------

Current thread (0x0000000002a62800):  JavaThread "Unknown thread" [_thread_in_vm, id=7412, stack(0x0000000002960000,0x0000000002a60000)]

Stack: [0x0000000002960000,0x0000000002a60000]
[error occurred during error reporting (printing stack bounds), id 0xc0000005]

Native frames: (J=compiled Java code, j=interpreted, Vv=VM code, C=native code)


---------------  P R O C E S S  ---------------

Java Threads: ( => current thread )

Other Threads:

=>0x0000000002a62800 (exited) JavaThread "Unknown thread" [_thread_in_vm, id=7412, stack(0x0000000002960000,0x0000000002a60000)]

VM state:not at safepoint (normal execution)

VM Mutex/Monitor currently owned by a thread: None

Heap:
 PSYoungGen      total 76288K, used 1310K [0x000000076b300000, 0x0000000770800000, 0x00000007c0000000)
  eden space 65536K, 2% used [0x000000076b300000,0x000000076b447af0,0x000000076f300000)
  from space 10752K, 0% used [0x000000076fd80000,0x000000076fd80000,0x0000000770800000)
  to   space 10752K, 0% used [0x000000076f300000,0x000000076f300000,0x000000076fd80000)
 ParOldGen       total 175104K, used 0K [0x00000006c1800000, 0x00000006cc300000, 0x000000076b300000)
  object space 175104K, 0% used [0x00000006c1800000,0x00000006c1800000,0x00000006cc300000)
 Metaspace       used 784K, capacity 1156K, committed 1408K, reserved 1060864K
  class space    used 74K, capacity 384K, committed 384K, reserved 1048576K

Card table byte_map: [0x0000000011f20000,0x0000000012720000] byte_map_base: 0x000000000e914000

Marking Bits: (ParMarkBitMap*) 0x000000005ed3be50
 Begin Bits: [0x0000000013970000, 0x0000000017910000)
 End Bits:   [0x0000000017910000, 0x000000001b8b0000)

Polling page: 0x0000000000a80000

CodeCache: size=245760Kb used=328Kb max_used=328Kb free=245431Kb
 bounds [0x0000000002b60000, 0x0000000002dd0000, 0x0000000011b60000]
 total_blobs=57 nmethods=0 adapters=38
 compilation: enabled

Compilation events (0 events):
No events

GC Heap History (0 events):
No events

Deoptimization events (0 events):
No events

Classes redefined (0 events):
No events

Internal exceptions (0 events):
No events

Events (10 events):
Event: 0.011 loading class java/lang/Short
Event: 0.011 loading class java/lang/Short done
Event: 0.011 loading class java/lang/Integer
Event: 0.011 loading class java/lang/Integer done
Event: 0.011 loading class java/lang/Long
Event: 0.011 loading class java/lang/Long done
Event: 0.011 loading class java/lang/NullPointerException
Event: 0.012 loading class java/lang/NullPointerException done
Event: 0.012 loading class java/lang/ArithmeticException
Event: 0.012 loading class java/lang/ArithmeticException done


Dynamic libraries:
0x00007ff7920f0000 - 0x00007ff792125000 	D:\Programme\UnityEditor\2021.3.27f1\Editor\Data\PlaybackEngines\AndroidPlayer\OpenJDK\bin\java.exe
0x00007ffaa7e10000 - 0x00007ffaa8008000 	C:\Windows\SYSTEM32\ntdll.dll
0x00007ffaa63a0000 - 0x00007ffaa645f000 	C:\Windows\System32\KERNEL32.DLL
0x00007ffaa59c0000 - 0x00007ffaa5cb6000 	C:\Windows\System32\KERNELBASE.dll
0x00007ffaa62f0000 - 0x00007ffaa639f000 	C:\Windows\System32\ADVAPI32.dll
0x00007ffaa7a20000 - 0x00007ffaa7abe000 	C:\Windows\System32\msvcrt.dll
0x00007ffaa7cd0000 - 0x00007ffaa7d6c000 	C:\Windows\System32\sechost.dll
0x00007ffaa78f0000 - 0x00007ffaa7a16000 	C:\Windows\System32\RPCRT4.dll
0x00007ffaa6800000 - 0x00007ffaa699d000 	C:\Windows\System32\USER32.dll
0x00007ffaa5e10000 - 0x00007ffaa5e32000 	C:\Windows\System32\win32u.dll
0x00007ffaa7830000 - 0x00007ffaa785c000 	C:\Windows\System32\GDI32.dll
0x00007ffaa54f0000 - 0x00007ffaa5605000 	C:\Windows\System32\gdi32full.dll
0x00007ffaa5610000 - 0x00007ffaa56ad000 	C:\Windows\System32\msvcp_win.dll
0x00007ffaa58c0000 - 0x00007ffaa59c0000 	C:\Windows\System32\ucrtbase.dll
0x00007ffa8f350000 - 0x00007ffa8f5ea000 	C:\Windows\WinSxS\amd64_microsoft.windows.common-controls_6595b64144ccf1df_6.0.19041.1110_none_60b5254171f9507e\COMCTL32.dll
0x00007ffaa6ac0000 - 0x00007ffaa6af0000 	C:\Windows\System32\IMM32.DLL
0x000000005f7c0000 - 0x000000005f892000 	D:\Programme\UnityEditor\2021.3.27f1\Editor\Data\PlaybackEngines\AndroidPlayer\OpenJDK\jre\bin\msvcr100.dll
0x000000005e570000 - 0x000000005edb9000 	D:\Programme\UnityEditor\2021.3.27f1\Editor\Data\PlaybackEngines\AndroidPlayer\OpenJDK\jre\bin\server\jvm.dll
0x00007ffaa62e0000 - 0x00007ffaa62e8000 	C:\Windows\System32\PSAPI.DLL
0x00007ffa908e0000 - 0x00007ffa908e9000 	C:\Windows\SYSTEM32\WSOCK32.dll
0x00007ffa95ba0000 - 0x00007ffa95bc7000 	C:\Windows\SYSTEM32\WINMM.dll
0x00007ffaa4410000 - 0x00007ffaa441a000 	C:\Windows\SYSTEM32\VERSION.dll
0x00007ffaa7000000 - 0x00007ffaa706b000 	C:\Windows\System32\WS2_32.dll
0x00007ffa843e0000 - 0x00007ffa843ef000 	D:\Programme\UnityEditor\2021.3.27f1\Editor\Data\PlaybackEngines\AndroidPlayer\OpenJDK\jre\bin\verify.dll
0x00007ffa843b0000 - 0x00007ffa843d9000 	D:\Programme\UnityEditor\2021.3.27f1\Editor\Data\PlaybackEngines\AndroidPlayer\OpenJDK\jre\bin\java.dll
0x00007ffa84390000 - 0x00007ffa843a6000 	D:\Programme\UnityEditor\2021.3.27f1\Editor\Data\PlaybackEngines\AndroidPlayer\OpenJDK\jre\bin\zip.dll

VM Arguments:
jvm_args: -Dfile.encoding=UTF-8 
java_command: <unknown>
java_class_path (initial): .
Launcher Type: SUN_STANDARD

Environment Variables:
JAVA_HOME=D:\Programme\UnityEditor\2021.3.27f1\Editor\Data\PlaybackEngines\AndroidPlayer\OpenJDK
JAVA_TOOL_OPTIONS=-Dfile.encoding=UTF-8
PATH=C:\Program Files (x86)\Common Files\Oracle\Java\javapath;C:\Program Files\Oculus\Support\oculus-runtime;C:\Windows\system32;C:\Windows;C:\Windows\System32\Wbem;C:\Windows\System32\WindowsPowerShell\v1.0\;C:\Windows\System32\OpenSSH\;C:\Program Files\Git\cmd;C:\Program Files\PuTTY\;C:\Program Files\dotnet\;C:\Users\Jonathan\AppData\Roaming\nvm;C:\Program Files\nodejs;C:\Program Files (x86)\eSpeak NG\;C:\Users\Jonathan\AppData\Local\Programs\Python\Python310\Scripts\;C:\Users\Jonathan\AppData\Local\Programs\Python\Python310\;C:\Users\Jonathan\AppData\Local\Microsoft\WindowsApps;C:\Users\Jonathan\.dotnet\tools;C:\Users\Jonathan\AppData\Roaming\npm;C:\Users\Jonathan\AppData\Local\Programs\Microsoft VS Code\bin;C:\Users\Jonathan\AppData\Roaming\nvm;C:\Program Files\nodejs;C:\Users\Jonathan\AppData\Roaming\pypoetry\venv\Scripts;
USERNAME=Jonathan
OS=Windows_NT
PROCESSOR_IDENTIFIER=Intel64 Family 6 Model 165 Stepping 5, GenuineIntel



---------------  S Y S T E M  ---------------

OS: Windows 10.0 , 64 bit Build 19041 (10.0.19041.3031)

CPU:total 16 (initial active 16) (8 cores per cpu, 2 threads per core) family 6 model 165 stepping 5, cmov, cx8, fxsr, mmx, sse, sse2, sse3, ssse3, sse4.1, sse4.2, popcnt, avx, avx2, aes, clmul, erms, 3dnowpref, lzcnt, ht, tsc, tscinvbit, bmi1, bmi2, adx

Memory: 4k page, physical 16674160k(4686144k free), swap 16674160k(5180k free)

vm_info: OpenJDK 64-Bit Server VM (25.71-b00) for windows-amd64 JRE (1.8.0-adoptopenjdk-_2018_05_19_00_59-b00), built on May 19 2018 01:02:12 by "jenkins" with MS VC++ 10.0 (VS2010)

time: Fri Jun 09 15:41:58 2023
elapsed time: 0 seconds (0d 0h 0m 0s)

